<?xml version="1.0" encoding="UTF-8"?>
<!-- Generated by org.testng.reporters.JUnitXMLReporter -->
<testsuite hostname="MGGG0HH2" ignored="0" name="TestScripts" tests="16" failures="8" timestamp="29 Dec 2017 22:08:18 GMT" time="1376.499" errors="0">
  <testcase name="LoginWithEmptyData" time="59.586" classname="com.testscripts.Testcases"/>
  <testcase name="LoginWithValidTestdata" time="74.963" classname="com.testscripts.Testcases"/>
  <testcase name="LoginWithInvalidUsername" time="60.624" classname="com.testscripts.Testcases"/>
  <testcase name="LoginWithInvalidPassword" time="60.989" classname="com.testscripts.Testcases"/>
  <testcase name="PasswordRetry" time="62.51" classname="com.testscripts.Testcases">
    <failure type="java.lang.AssertionError" message="expected [true] but found [false]">
      <![CDATA[java.lang.AssertionError: expected [true] but found [false]at com.library.Common.comparetexts(Common.java:261)at com.businessfunctions.Login.retryPassword(Login.java:129)at com.testscripts.Testcases.PasswordRetry(Testcases.java:101)... Removed 29 stack frames]]>
    </failure>
  </testcase> <!-- PasswordRetry -->
  <testcase name="verifyHomepageAllAccounts" time="133.499" classname="com.testscripts.Testcases">
    <failure type="org.openqa.selenium.TimeoutException" message="Expected condition failed: waiting for presence of element located by: By.xpath: (//*[@content-desc=&amp;apos;accountCardType&amp;apos;])[2] (tried for 60 second(s) with 500 MILLISECONDS interval)">
      <![CDATA[org.openqa.selenium.TimeoutException: Expected condition failed: waiting for presence of element located by: By.xpath: (//*[@content-desc='accountCardType'])[2] (tried for 60 second(s) with 500 MILLISECONDS interval)at org.openqa.selenium.support.ui.WebDriverWait.timeoutException(WebDriverWait.java:82)at org.openqa.selenium.support.ui.FluentWait.until(FluentWait.java:231)at com.library.Common.waitUntilElementPresent(Common.java:160)at com.businessfunctions.Homepage.verifyHomepageAllAccounts(Homepage.java:20)at com.testscripts.Testcases.verifyHomepageAllAccounts(Testcases.java:113)Caused by: org.openqa.selenium.NoSuchElementException: Cannot locate an element using By.xpath: (//*[@content-desc='accountCardType'])[2]For documentation on this error, please visit: http://seleniumhq.org/exceptions/no_such_element.htmlBuild info: version: '3.8.1', revision: '6e95a6684b', time: '2017-12-01T18:33:54.468Z'System info: host: 'MGGG0HH2', ip: '10.149.250.185', os.name: 'Windows 7', os.arch: 'amd64', os.version: '6.1', java.version: '1.8.0_152'Driver info: driver.version: unknownat org.openqa.selenium.support.ui.ExpectedConditions.lambda$findElement$0(ExpectedConditions.java:882)at java.util.Optional.orElseThrow(Optional.java:290)at org.openqa.selenium.support.ui.ExpectedConditions.findElement(ExpectedConditions.java:881)at org.openqa.selenium.support.ui.ExpectedConditions.access$000(ExpectedConditions.java:43)at org.openqa.selenium.support.ui.ExpectedConditions$6.apply(ExpectedConditions.java:182)at org.openqa.selenium.support.ui.ExpectedConditions$6.apply(ExpectedConditions.java:179)at org.openqa.selenium.support.ui.FluentWait.until(FluentWait.java:208)... 28 more... Removed 25 stack frames]]>
    </failure>
  </testcase> <!-- verifyHomepageAllAccounts -->
  <testcase name="verifyHomepageOneAccount" time="73.692" classname="com.testscripts.Testcases"/>
  <testcase name="verifyHomepageNoAccounts" time="70.637" classname="com.testscripts.Testcases"/>
  <testcase name="ShowTenTransaction" time="78.604" classname="com.testscripts.Testcases"/>
  <testcase name="withLoanBalanceDetails" time="121.153" classname="com.testscripts.Testcases">
    <failure type="org.openqa.selenium.TimeoutException" message="Expected condition failed: waiting for presence of element located by: By.xpath: //*[@content-desc=&amp;apos;welcomeName&amp;apos;] (tried for 60 second(s) with 500 MILLISECONDS interval)">
      <![CDATA[org.openqa.selenium.TimeoutException: Expected condition failed: waiting for presence of element located by: By.xpath: //*[@content-desc='welcomeName'] (tried for 60 second(s) with 500 MILLISECONDS interval)at org.openqa.selenium.support.ui.WebDriverWait.timeoutException(WebDriverWait.java:82)at org.openqa.selenium.support.ui.FluentWait.until(FluentWait.java:231)at com.library.Common.waitUntilElementPresent(Common.java:160)at com.testscripts.Testcases.withLoanBalanceDetails(Testcases.java:171)Caused by: org.openqa.selenium.NoSuchElementException: Cannot locate an element using By.xpath: //*[@content-desc='welcomeName']For documentation on this error, please visit: http://seleniumhq.org/exceptions/no_such_element.htmlBuild info: version: '3.8.1', revision: '6e95a6684b', time: '2017-12-01T18:33:54.468Z'System info: host: 'MGGG0HH2', ip: '10.149.250.185', os.name: 'Windows 7', os.arch: 'amd64', os.version: '6.1', java.version: '1.8.0_152'Driver info: driver.version: unknownat org.openqa.selenium.support.ui.ExpectedConditions.lambda$findElement$0(ExpectedConditions.java:882)at java.util.Optional.orElseThrow(Optional.java:290)at org.openqa.selenium.support.ui.ExpectedConditions.findElement(ExpectedConditions.java:881)at org.openqa.selenium.support.ui.ExpectedConditions.access$000(ExpectedConditions.java:43)at org.openqa.selenium.support.ui.ExpectedConditions$6.apply(ExpectedConditions.java:182)at org.openqa.selenium.support.ui.ExpectedConditions$6.apply(ExpectedConditions.java:179)at org.openqa.selenium.support.ui.FluentWait.until(FluentWait.java:208)... 27 more... Removed 25 stack frames]]>
    </failure>
  </testcase> <!-- withLoanBalanceDetails -->
  <testcase name="zeroLoanBalanceDetails" time="125.183" classname="com.testscripts.Testcases">
    <failure type="org.openqa.selenium.TimeoutException" message="Expected condition failed: waiting for presence of element located by: By.xpath: //*[@content-desc=&amp;apos;welcomeName&amp;apos;] (tried for 60 second(s) with 500 MILLISECONDS interval)">
      <![CDATA[org.openqa.selenium.TimeoutException: Expected condition failed: waiting for presence of element located by: By.xpath: //*[@content-desc='welcomeName'] (tried for 60 second(s) with 500 MILLISECONDS interval)at org.openqa.selenium.support.ui.WebDriverWait.timeoutException(WebDriverWait.java:82)at org.openqa.selenium.support.ui.FluentWait.until(FluentWait.java:231)at com.library.Common.waitUntilElementPresent(Common.java:160)at com.testscripts.Testcases.zeroLoanBalanceDetails(Testcases.java:186)Caused by: org.openqa.selenium.NoSuchElementException: Cannot locate an element using By.xpath: //*[@content-desc='welcomeName']For documentation on this error, please visit: http://seleniumhq.org/exceptions/no_such_element.htmlBuild info: version: '3.8.1', revision: '6e95a6684b', time: '2017-12-01T18:33:54.468Z'System info: host: 'MGGG0HH2', ip: '10.149.250.185', os.name: 'Windows 7', os.arch: 'amd64', os.version: '6.1', java.version: '1.8.0_152'Driver info: driver.version: unknownat org.openqa.selenium.support.ui.ExpectedConditions.lambda$findElement$0(ExpectedConditions.java:882)at java.util.Optional.orElseThrow(Optional.java:290)at org.openqa.selenium.support.ui.ExpectedConditions.findElement(ExpectedConditions.java:881)at org.openqa.selenium.support.ui.ExpectedConditions.access$000(ExpectedConditions.java:43)at org.openqa.selenium.support.ui.ExpectedConditions$6.apply(ExpectedConditions.java:182)at org.openqa.selenium.support.ui.ExpectedConditions$6.apply(ExpectedConditions.java:179)at org.openqa.selenium.support.ui.FluentWait.until(FluentWait.java:208)... 27 more... Removed 25 stack frames]]>
    </failure>
  </testcase> <!-- zeroLoanBalanceDetails -->
  <testcase name="savingsBalanceBreakdown" time="122.362" classname="com.testscripts.Testcases">
    <failure type="org.openqa.selenium.TimeoutException" message="Expected condition failed: waiting for presence of element located by: By.xpath: //*[@content-desc=&amp;apos;welcomeName&amp;apos;] (tried for 60 second(s) with 500 MILLISECONDS interval)">
      <![CDATA[org.openqa.selenium.TimeoutException: Expected condition failed: waiting for presence of element located by: By.xpath: //*[@content-desc='welcomeName'] (tried for 60 second(s) with 500 MILLISECONDS interval)at org.openqa.selenium.support.ui.WebDriverWait.timeoutException(WebDriverWait.java:82)at org.openqa.selenium.support.ui.FluentWait.until(FluentWait.java:231)at com.library.Common.waitUntilElementPresent(Common.java:160)at com.testscripts.Testcases.savingsBalanceBreakdown(Testcases.java:201)Caused by: org.openqa.selenium.NoSuchElementException: Cannot locate an element using By.xpath: //*[@content-desc='welcomeName']For documentation on this error, please visit: http://seleniumhq.org/exceptions/no_such_element.htmlBuild info: version: '3.8.1', revision: '6e95a6684b', time: '2017-12-01T18:33:54.468Z'System info: host: 'MGGG0HH2', ip: '10.149.250.185', os.name: 'Windows 7', os.arch: 'amd64', os.version: '6.1', java.version: '1.8.0_152'Driver info: driver.version: unknownat org.openqa.selenium.support.ui.ExpectedConditions.lambda$findElement$0(ExpectedConditions.java:882)at java.util.Optional.orElseThrow(Optional.java:290)at org.openqa.selenium.support.ui.ExpectedConditions.findElement(ExpectedConditions.java:881)at org.openqa.selenium.support.ui.ExpectedConditions.access$000(ExpectedConditions.java:43)at org.openqa.selenium.support.ui.ExpectedConditions$6.apply(ExpectedConditions.java:182)at org.openqa.selenium.support.ui.ExpectedConditions$6.apply(ExpectedConditions.java:179)at org.openqa.selenium.support.ui.FluentWait.until(FluentWait.java:208)... 27 more... Removed 25 stack frames]]>
    </failure>
  </testcase> <!-- savingsBalanceBreakdown -->
  <testcase name="LogOutButton" time="122.257" classname="com.testscripts.Testcases">
    <failure type="org.openqa.selenium.TimeoutException" message="Expected condition failed: waiting for presence of element located by: By.xpath: //*[@content-desc=&amp;apos;welcomeName&amp;apos;] (tried for 60 second(s) with 500 MILLISECONDS interval)">
      <![CDATA[org.openqa.selenium.TimeoutException: Expected condition failed: waiting for presence of element located by: By.xpath: //*[@content-desc='welcomeName'] (tried for 60 second(s) with 500 MILLISECONDS interval)at org.openqa.selenium.support.ui.WebDriverWait.timeoutException(WebDriverWait.java:82)at org.openqa.selenium.support.ui.FluentWait.until(FluentWait.java:231)at com.library.Common.waitUntilElementPresent(Common.java:160)at com.testscripts.Testcases.LogOutButton(Testcases.java:220)Caused by: org.openqa.selenium.NoSuchElementException: Cannot locate an element using By.xpath: //*[@content-desc='welcomeName']For documentation on this error, please visit: http://seleniumhq.org/exceptions/no_such_element.htmlBuild info: version: '3.8.1', revision: '6e95a6684b', time: '2017-12-01T18:33:54.468Z'System info: host: 'MGGG0HH2', ip: '10.149.250.185', os.name: 'Windows 7', os.arch: 'amd64', os.version: '6.1', java.version: '1.8.0_152'Driver info: driver.version: unknownat org.openqa.selenium.support.ui.ExpectedConditions.lambda$findElement$0(ExpectedConditions.java:882)at java.util.Optional.orElseThrow(Optional.java:290)at org.openqa.selenium.support.ui.ExpectedConditions.findElement(ExpectedConditions.java:881)at org.openqa.selenium.support.ui.ExpectedConditions.access$000(ExpectedConditions.java:43)at org.openqa.selenium.support.ui.ExpectedConditions$6.apply(ExpectedConditions.java:182)at org.openqa.selenium.support.ui.ExpectedConditions$6.apply(ExpectedConditions.java:179)at org.openqa.selenium.support.ui.FluentWait.until(FluentWait.java:208)... 27 more... Removed 25 stack frames]]>
    </failure>
  </testcase> <!-- LogOutButton -->
  <testcase name="FeedBackButton" time="19.682" classname="com.testscripts.Testcases">
    <failure type="org.openqa.selenium.NoSuchElementException" message="no such element (An element could not be located on the page using the given search parameters (XPATH=&amp;apos;(//*[@class=&amp;apos;android.view.View&amp;apos;])[7]&amp;apos;))  (WARNING: The server did not provide any stacktrace information)
Command duration or timeout: 0 milliseconds
For documentation on this error, please visit: http://seleniumhq.org/exceptions/no_such_element.html
Build info: version: &amp;apos;3.8.1&amp;apos;, revision: &amp;apos;6e95a6684b&amp;apos;, time: &amp;apos;2017-12-01T18:33:54.468Z&amp;apos;
System info: host: &amp;apos;MGGG0HH2&amp;apos;, ip: &amp;apos;10.149.250.185&amp;apos;, os.name: &amp;apos;Windows 7&amp;apos;, os.arch: &amp;apos;amd64&amp;apos;, os.version: &amp;apos;6.1&amp;apos;, java.version: &amp;apos;1.8.0_152&amp;apos;
Driver info: io.appium.java_client.android.AndroidDriver
Capabilities {appActivity: .MainActivity, appPackage: com.jncb.mobile, autoAcceptAlerts: false, autoDismissAlerts: false, autoWebview: false, desired: {appActivity: .MainActivity, appPackage: com.jncb.mobile, platformName: Android, reportDirectory: reports, reportFormat: xml, testName: Untitled, udid: 2e2590c7, unicodeKeyboard: True}, device.category: PHONE, device.majorVersion: 6.x, device.manufacture: samsung, device.model: SM-J500M, device.name: SM-J500M, device.os: Android, device.screenSize: 720x1280, device.serialNumber: 2e2590c7, device.version: 6.0.1, dontGoHomeOnQuit: false, dontStopAppOnReset: false, fullReset: false, instrumentApp: false, javascriptEnabled: true, keystorePath: ~/.android/debug.keystore, noReset: false, platform: ANDROID, platformName: ANDROID, projectName: , reportDirectory: reports, reportFormat: xml, reportUrl: C:\Users\vermas\appiumstudi..., reservationDuration: 240, testName: Untitled, udid: 2e2590c7, unicodeKeyboard: True, useKeystore: false, waitForDeviceTimeout: 120000}
Session ID: 16441f6a-a5fb-4c73-ab6e-a198075d75ef
*** Element info: {Using=xpath, value=(//*[@class=&amp;apos;android.view.View&amp;apos;])[7]}">
      <![CDATA[org.openqa.selenium.NoSuchElementException: no such element (An element could not be located on the page using the given search parameters (XPATH='(//*[@class='android.view.View'])[7]'))  (WARNING: The server did not provide any stacktrace information)Command duration or timeout: 0 millisecondsFor documentation on this error, please visit: http://seleniumhq.org/exceptions/no_such_element.htmlBuild info: version: '3.8.1', revision: '6e95a6684b', time: '2017-12-01T18:33:54.468Z'System info: host: 'MGGG0HH2', ip: '10.149.250.185', os.name: 'Windows 7', os.arch: 'amd64', os.version: '6.1', java.version: '1.8.0_152'Driver info: io.appium.java_client.android.AndroidDriverCapabilities {appActivity: .MainActivity, appPackage: com.jncb.mobile, autoAcceptAlerts: false, autoDismissAlerts: false, autoWebview: false, desired: {appActivity: .MainActivity, appPackage: com.jncb.mobile, platformName: Android, reportDirectory: reports, reportFormat: xml, testName: Untitled, udid: 2e2590c7, unicodeKeyboard: True}, device.category: PHONE, device.majorVersion: 6.x, device.manufacture: samsung, device.model: SM-J500M, device.name: SM-J500M, device.os: Android, device.screenSize: 720x1280, device.serialNumber: 2e2590c7, device.version: 6.0.1, dontGoHomeOnQuit: false, dontStopAppOnReset: false, fullReset: false, instrumentApp: false, javascriptEnabled: true, keystorePath: ~/.android/debug.keystore, noReset: false, platform: ANDROID, platformName: ANDROID, projectName: , reportDirectory: reports, reportFormat: xml, reportUrl: C:\Users\vermas\appiumstudi..., reservationDuration: 240, testName: Untitled, udid: 2e2590c7, unicodeKeyboard: True, useKeystore: false, waitForDeviceTimeout: 120000}Session ID: 16441f6a-a5fb-4c73-ab6e-a198075d75ef*** Element info: {Using=xpath, value=(//*[@class='android.view.View'])[7]}at org.openqa.selenium.remote.ErrorHandler.createThrowable(ErrorHandler.java:214)at org.openqa.selenium.remote.ErrorHandler.throwIfResponseFailed(ErrorHandler.java:166)at org.openqa.selenium.remote.http.JsonHttpResponseCodec.reconstructValue(JsonHttpResponseCodec.java:40)at org.openqa.selenium.remote.http.AbstractHttpResponseCodec.decode(AbstractHttpResponseCodec.java:80)at org.openqa.selenium.remote.http.AbstractHttpResponseCodec.decode(AbstractHttpResponseCodec.java:44)at org.openqa.selenium.remote.HttpCommandExecutor.execute(HttpCommandExecutor.java:164)at io.appium.java_client.remote.AppiumCommandExecutor.execute(AppiumCommandExecutor.java:89)at org.openqa.selenium.remote.RemoteWebDriver.execute(RemoteWebDriver.java:601)at io.appium.java_client.DefaultGenericMobileDriver.execute(DefaultGenericMobileDriver.java:42)at io.appium.java_client.AppiumDriver.execute(AppiumDriver.java:1)at io.appium.java_client.android.AndroidDriver.execute(AndroidDriver.java:1)at org.openqa.selenium.remote.RemoteWebDriver.findElement(RemoteWebDriver.java:371)at io.appium.java_client.DefaultGenericMobileDriver.findElement(DefaultGenericMobileDriver.java:62)at io.appium.java_client.AppiumDriver.findElement(AppiumDriver.java:1)at io.appium.java_client.android.AndroidDriver.findElement(AndroidDriver.java:1)at org.openqa.selenium.remote.RemoteWebDriver.findElementByXPath(RemoteWebDriver.java:473)at io.appium.java_client.DefaultGenericMobileDriver.findElementByXPath(DefaultGenericMobileDriver.java:140)at io.appium.java_client.AppiumDriver.findElementByXPath(AppiumDriver.java:1)at io.appium.java_client.android.AndroidDriver.findElementByXPath(AndroidDriver.java:1)at org.openqa.selenium.By$ByXPath.findElement(By.java:361)at org.openqa.selenium.remote.RemoteWebDriver.findElement(RemoteWebDriver.java:363)at io.appium.java_client.DefaultGenericMobileDriver.findElement(DefaultGenericMobileDriver.java:58)at io.appium.java_client.AppiumDriver.findElement(AppiumDriver.java:1)at io.appium.java_client.android.AndroidDriver.findElement(AndroidDriver.java:1)at com.library.Common.webElementId(Common.java:89)at com.library.Common.verifyElementPresent(Common.java:181)at com.businessfunctions.Login.feedBackButtonFunction(Login.java:195)at com.testscripts.Testcases.FeedBackButton(Testcases.java:233)... Removed 29 stack frames]]>
    </failure>
  </testcase> <!-- FeedBackButton -->
  <testcase name="termsAndConditions" time="62.218" classname="com.testscripts.Testcases"/>
  <testcase name="animation" time="128.47" classname="com.testscripts.Testcases">
    <failure type="org.openqa.selenium.NoSuchElementException" message="no such element (An element could not be located on the page using the given search parameters (XPATH=&amp;apos;//*[@content-desc=&amp;apos;accountCard&amp;apos;][1]&amp;apos;))  (WARNING: The server did not provide any stacktrace information)
Command duration or timeout: 0 milliseconds
For documentation on this error, please visit: http://seleniumhq.org/exceptions/no_such_element.html
Build info: version: &amp;apos;3.8.1&amp;apos;, revision: &amp;apos;6e95a6684b&amp;apos;, time: &amp;apos;2017-12-01T18:33:54.468Z&amp;apos;
System info: host: &amp;apos;MGGG0HH2&amp;apos;, ip: &amp;apos;10.149.250.185&amp;apos;, os.name: &amp;apos;Windows 7&amp;apos;, os.arch: &amp;apos;amd64&amp;apos;, os.version: &amp;apos;6.1&amp;apos;, java.version: &amp;apos;1.8.0_152&amp;apos;
Driver info: io.appium.java_client.android.AndroidDriver
Capabilities {appActivity: .MainActivity, appPackage: com.jncb.mobile, autoAcceptAlerts: false, autoDismissAlerts: false, autoWebview: false, desired: {appActivity: .MainActivity, appPackage: com.jncb.mobile, platformName: Android, reportDirectory: reports, reportFormat: xml, testName: Untitled, udid: 2e2590c7, unicodeKeyboard: True}, device.category: PHONE, device.majorVersion: 6.x, device.manufacture: samsung, device.model: SM-J500M, device.name: SM-J500M, device.os: Android, device.screenSize: 720x1280, device.serialNumber: 2e2590c7, device.version: 6.0.1, dontGoHomeOnQuit: false, dontStopAppOnReset: false, fullReset: false, instrumentApp: false, javascriptEnabled: true, keystorePath: ~/.android/debug.keystore, noReset: false, platform: ANDROID, platformName: ANDROID, projectName: , reportDirectory: reports, reportFormat: xml, reportUrl: C:\Users\vermas\appiumstudi..., reservationDuration: 240, testName: Untitled, udid: 2e2590c7, unicodeKeyboard: True, useKeystore: false, waitForDeviceTimeout: 120000}
Session ID: 16441f6a-a5fb-4c73-ab6e-a198075d75ef
*** Element info: {Using=xpath, value=//*[@content-desc=&amp;apos;accountCard&amp;apos;][1]}">
      <![CDATA[org.openqa.selenium.NoSuchElementException: no such element (An element could not be located on the page using the given search parameters (XPATH='//*[@content-desc='accountCard'][1]'))  (WARNING: The server did not provide any stacktrace information)Command duration or timeout: 0 millisecondsFor documentation on this error, please visit: http://seleniumhq.org/exceptions/no_such_element.htmlBuild info: version: '3.8.1', revision: '6e95a6684b', time: '2017-12-01T18:33:54.468Z'System info: host: 'MGGG0HH2', ip: '10.149.250.185', os.name: 'Windows 7', os.arch: 'amd64', os.version: '6.1', java.version: '1.8.0_152'Driver info: io.appium.java_client.android.AndroidDriverCapabilities {appActivity: .MainActivity, appPackage: com.jncb.mobile, autoAcceptAlerts: false, autoDismissAlerts: false, autoWebview: false, desired: {appActivity: .MainActivity, appPackage: com.jncb.mobile, platformName: Android, reportDirectory: reports, reportFormat: xml, testName: Untitled, udid: 2e2590c7, unicodeKeyboard: True}, device.category: PHONE, device.majorVersion: 6.x, device.manufacture: samsung, device.model: SM-J500M, device.name: SM-J500M, device.os: Android, device.screenSize: 720x1280, device.serialNumber: 2e2590c7, device.version: 6.0.1, dontGoHomeOnQuit: false, dontStopAppOnReset: false, fullReset: false, instrumentApp: false, javascriptEnabled: true, keystorePath: ~/.android/debug.keystore, noReset: false, platform: ANDROID, platformName: ANDROID, projectName: , reportDirectory: reports, reportFormat: xml, reportUrl: C:\Users\vermas\appiumstudi..., reservationDuration: 240, testName: Untitled, udid: 2e2590c7, unicodeKeyboard: True, useKeystore: false, waitForDeviceTimeout: 120000}Session ID: 16441f6a-a5fb-4c73-ab6e-a198075d75ef*** Element info: {Using=xpath, value=//*[@content-desc='accountCard'][1]}at org.openqa.selenium.remote.ErrorHandler.createThrowable(ErrorHandler.java:214)at org.openqa.selenium.remote.ErrorHandler.throwIfResponseFailed(ErrorHandler.java:166)at org.openqa.selenium.remote.http.JsonHttpResponseCodec.reconstructValue(JsonHttpResponseCodec.java:40)at org.openqa.selenium.remote.http.AbstractHttpResponseCodec.decode(AbstractHttpResponseCodec.java:80)at org.openqa.selenium.remote.http.AbstractHttpResponseCodec.decode(AbstractHttpResponseCodec.java:44)at org.openqa.selenium.remote.HttpCommandExecutor.execute(HttpCommandExecutor.java:164)at io.appium.java_client.remote.AppiumCommandExecutor.execute(AppiumCommandExecutor.java:89)at org.openqa.selenium.remote.RemoteWebDriver.execute(RemoteWebDriver.java:601)at io.appium.java_client.DefaultGenericMobileDriver.execute(DefaultGenericMobileDriver.java:42)at io.appium.java_client.AppiumDriver.execute(AppiumDriver.java:1)at io.appium.java_client.android.AndroidDriver.execute(AndroidDriver.java:1)at org.openqa.selenium.remote.RemoteWebDriver.findElement(RemoteWebDriver.java:371)at io.appium.java_client.DefaultGenericMobileDriver.findElement(DefaultGenericMobileDriver.java:62)at io.appium.java_client.AppiumDriver.findElement(AppiumDriver.java:1)at io.appium.java_client.android.AndroidDriver.findElement(AndroidDriver.java:1)at org.openqa.selenium.remote.RemoteWebDriver.findElementByXPath(RemoteWebDriver.java:473)at io.appium.java_client.DefaultGenericMobileDriver.findElementByXPath(DefaultGenericMobileDriver.java:140)at io.appium.java_client.AppiumDriver.findElementByXPath(AppiumDriver.java:1)at io.appium.java_client.android.AndroidDriver.findElementByXPath(AndroidDriver.java:1)at org.openqa.selenium.By$ByXPath.findElement(By.java:361)at org.openqa.selenium.remote.RemoteWebDriver.findElement(RemoteWebDriver.java:363)at io.appium.java_client.DefaultGenericMobileDriver.findElement(DefaultGenericMobileDriver.java:58)at io.appium.java_client.AppiumDriver.findElement(AppiumDriver.java:1)at io.appium.java_client.android.AndroidDriver.findElement(AndroidDriver.java:1)at com.library.Common.webElementId(Common.java:89)at com.library.Common.click(Common.java:152)at com.testscripts.Testcases.animation(Testcases.java:261)... Removed 29 stack frames]]>
    </failure>
  </testcase> <!-- animation -->
</testsuite> <!-- TestScripts -->
