<?xml version="1.0" encoding="UTF-8"?>
<!-- Generated by org.testng.reporters.JUnitXMLReporter -->
<testsuite hostname="MGGG0HH2" ignored="0" name="Default test" tests="23" failures="0" timestamp="20 Jan 2018 03:50:18 GMT" time="0.098" errors="0">
  <testcase name="@BeforeSuite openApp" time="1.096" classname="com.testscripts.Testcases">
    <failure type="org.openqa.selenium.SessionNotCreatedException" message="session not created (No device with the following information was found: //device[(@serialnumber=&amp;apos;0123456789abcdef&amp;apos;) and not(@emulator=&amp;apos;true&amp;apos;) ] Lock Device by query: @serialnumber=&amp;apos;0123456789ABCDEF&amp;apos; )  (WARNING: The server did not provide any stacktrace information)
Command duration or timeout: 239 milliseconds
Build info: version: &amp;apos;3.8.1&amp;apos;, revision: &amp;apos;6e95a6684b&amp;apos;, time: &amp;apos;2017-12-01T18:33:54.468Z&amp;apos;
System info: host: &amp;apos;MGGG0HH2&amp;apos;, ip: &amp;apos;192.168.0.6&amp;apos;, os.name: &amp;apos;Windows 7&amp;apos;, os.arch: &amp;apos;amd64&amp;apos;, os.version: &amp;apos;6.1&amp;apos;, java.version: &amp;apos;1.8.0_152&amp;apos;
Driver info: driver.version: AndroidDriver">
      <![CDATA[org.openqa.selenium.SessionNotCreatedException: session not created (No device with the following information was found: //device[(@serialnumber='0123456789abcdef') and not(@emulator='true') ] Lock Device by query: @serialnumber='0123456789ABCDEF' )  (WARNING: The server did not provide any stacktrace information)Command duration or timeout: 239 millisecondsBuild info: version: '3.8.1', revision: '6e95a6684b', time: '2017-12-01T18:33:54.468Z'System info: host: 'MGGG0HH2', ip: '192.168.0.6', os.name: 'Windows 7', os.arch: 'amd64', os.version: '6.1', java.version: '1.8.0_152'Driver info: driver.version: AndroidDriverat sun.reflect.NativeConstructorAccessorImpl.newInstance0(Native Method)at sun.reflect.NativeConstructorAccessorImpl.newInstance(NativeConstructorAccessorImpl.java:62)at sun.reflect.DelegatingConstructorAccessorImpl.newInstance(DelegatingConstructorAccessorImpl.java:45)at java.lang.reflect.Constructor.newInstance(Constructor.java:423)at org.openqa.selenium.remote.ErrorHandler.createThrowable(ErrorHandler.java:214)at org.openqa.selenium.remote.ErrorHandler.throwIfResponseFailed(ErrorHandler.java:166)at org.openqa.selenium.remote.JsonWireProtocolResponse.lambda$new$0(JsonWireProtocolResponse.java:53)at org.openqa.selenium.remote.JsonWireProtocolResponse.lambda$getResponseFunction$2(JsonWireProtocolResponse.java:91)at org.openqa.selenium.remote.ProtocolHandshake.lambda$createSession$0(ProtocolHandshake.java:123)at java.util.stream.ReferencePipeline$3$1.accept(ReferencePipeline.java:193)at java.util.Spliterators$ArraySpliterator.tryAdvance(Spliterators.java:958)at java.util.stream.ReferencePipeline.forEachWithCancel(ReferencePipeline.java:126)at java.util.stream.AbstractPipeline.copyIntoWithCancel(AbstractPipeline.java:498)at java.util.stream.AbstractPipeline.copyInto(AbstractPipeline.java:485)at java.util.stream.AbstractPipeline.wrapAndCopyInto(AbstractPipeline.java:471)at java.util.stream.FindOps$FindOp.evaluateSequential(FindOps.java:152)at java.util.stream.AbstractPipeline.evaluate(AbstractPipeline.java:234)at java.util.stream.ReferencePipeline.findFirst(ReferencePipeline.java:464)at org.openqa.selenium.remote.ProtocolHandshake.createSession(ProtocolHandshake.java:126)at org.openqa.selenium.remote.ProtocolHandshake.createSession(ProtocolHandshake.java:73)at org.openqa.selenium.remote.HttpCommandExecutor.execute(HttpCommandExecutor.java:142)at io.appium.java_client.remote.AppiumCommandExecutor.execute(AppiumCommandExecutor.java:89)at org.openqa.selenium.remote.RemoteWebDriver.execute(RemoteWebDriver.java:601)at io.appium.java_client.DefaultGenericMobileDriver.execute(DefaultGenericMobileDriver.java:42)at io.appium.java_client.AppiumDriver.execute(AppiumDriver.java:1)at io.appium.java_client.android.AndroidDriver.execute(AndroidDriver.java:1)at org.openqa.selenium.remote.RemoteWebDriver.startSession(RemoteWebDriver.java:219)at org.openqa.selenium.remote.RemoteWebDriver.<init>(RemoteWebDriver.java:142)at io.appium.java_client.DefaultGenericMobileDriver.<init>(DefaultGenericMobileDriver.java:38)at io.appium.java_client.AppiumDriver.<init>(AppiumDriver.java:83)at io.appium.java_client.AppiumDriver.<init>(AppiumDriver.java:93)at io.appium.java_client.android.AndroidDriver.<init>(AndroidDriver.java:72)at com.library.Common.setUp(Common.java:55)at com.testscripts.Testcases.openApp(Testcases.java:29)at sun.reflect.NativeMethodAccessorImpl.invoke0(Native Method)at sun.reflect.NativeMethodAccessorImpl.invoke(NativeMethodAccessorImpl.java:62)at sun.reflect.DelegatingMethodAccessorImpl.invoke(DelegatingMethodAccessorImpl.java:43)at java.lang.reflect.Method.invoke(Method.java:498)at org.testng.internal.MethodInvocationHelper.invokeMethod(MethodInvocationHelper.java:124)at org.testng.internal.MethodInvocationHelper.invokeMethodConsideringTimeout(MethodInvocationHelper.java:59)at org.testng.internal.Invoker.invokeConfigurationMethod(Invoker.java:451)at org.testng.internal.Invoker.invokeConfigurations(Invoker.java:222)at org.testng.internal.Invoker.invokeConfigurations(Invoker.java:142)at org.testng.SuiteRunner.privateRun(SuiteRunner.java:401)at org.testng.SuiteRunner.run(SuiteRunner.java:364)at org.testng.SuiteRunnerWorker.runSuite(SuiteRunnerWorker.java:52)at org.testng.SuiteRunnerWorker.run(SuiteRunnerWorker.java:84)at org.testng.TestNG.runSuitesSequentially(TestNG.java:1187)at org.testng.TestNG.runSuitesLocally(TestNG.java:1116)at org.testng.TestNG.runSuites(TestNG.java:1028)at org.testng.TestNG.run(TestNG.java:996)at org.testng.remote.AbstractRemoteTestNG.run(AbstractRemoteTestNG.java:114)at org.testng.remote.RemoteTestNG.initAndRun(RemoteTestNG.java:251)at org.testng.remote.RemoteTestNG.main(RemoteTestNG.java:77)]]>
    </failure>
  </testcase> <!-- @BeforeSuite openApp -->
  <testcase name="animation" time="0.0" classname="com.testscripts.Testcases">
    <skipped/>
  </testcase> <!-- animation -->
  <testcase name="feedBackButton" time="0.0" classname="com.testscripts.Testcases">
    <skipped/>
  </testcase> <!-- feedBackButton -->
  <testcase name="logOutButton" time="0.0" classname="com.testscripts.Testcases">
    <skipped/>
  </testcase> <!-- logOutButton -->
  <testcase name="loginWithEmptyData" time="0.0" classname="com.testscripts.Testcases">
    <skipped/>
  </testcase> <!-- loginWithEmptyData -->
  <testcase name="loginWithInvalidPassword" time="0.0" classname="com.testscripts.Testcases">
    <skipped/>
  </testcase> <!-- loginWithInvalidPassword -->
  <testcase name="loginWithInvalidUsername" time="0.0" classname="com.testscripts.Testcases">
    <skipped/>
  </testcase> <!-- loginWithInvalidUsername -->
  <testcase name="loginWithValidTestdata" time="0.0" classname="com.testscripts.Testcases">
    <skipped/>
  </testcase> <!-- loginWithValidTestdata -->
  <testcase name="meToMeTransferfromChequingsListPage" time="0.0" classname="com.testscripts.Testcases">
    <skipped/>
  </testcase> <!-- meToMeTransferfromChequingsListPage -->
  <testcase name="meToMeTransferfromChequingsSummaryPage" time="0.0" classname="com.testscripts.Testcases">
    <skipped/>
  </testcase> <!-- meToMeTransferfromChequingsSummaryPage -->
  <testcase name="meToMeTransferfromSavingsListPage" time="0.0" classname="com.testscripts.Testcases">
    <skipped/>
  </testcase> <!-- meToMeTransferfromSavingsListPage -->
  <testcase name="meToMeTransferfromSavingsSummaryPage" time="0.0" classname="com.testscripts.Testcases">
    <skipped/>
  </testcase> <!-- meToMeTransferfromSavingsSummaryPage -->
  <testcase name="meToMetransfer" time="0.0" classname="com.testscripts.Testcases">
    <skipped/>
  </testcase> <!-- meToMetransfer -->
  <testcase name="meToYouTransfer" time="0.0" classname="com.testscripts.Testcases">
    <skipped/>
  </testcase> <!-- meToYouTransfer -->
  <testcase name="passwordRetry" time="0.0" classname="com.testscripts.Testcases">
    <skipped/>
  </testcase> <!-- passwordRetry -->
  <testcase name="savingsBalanceBreakdown" time="0.0" classname="com.testscripts.Testcases">
    <skipped/>
  </testcase> <!-- savingsBalanceBreakdown -->
  <testcase name="showTenTransaction" time="0.0" classname="com.testscripts.Testcases">
    <skipped/>
  </testcase> <!-- showTenTransaction -->
  <testcase name="termsAndConditions" time="0.0" classname="com.testscripts.Testcases">
    <skipped/>
  </testcase> <!-- termsAndConditions -->
  <testcase name="transfers" time="0.0" classname="com.testscripts.Testcases">
    <skipped/>
  </testcase> <!-- transfers -->
  <testcase name="verifyHomepageAllAccounts" time="0.0" classname="com.testscripts.Testcases">
    <skipped/>
  </testcase> <!-- verifyHomepageAllAccounts -->
  <testcase name="verifyHomepageNoAccounts" time="0.0" classname="com.testscripts.Testcases">
    <skipped/>
  </testcase> <!-- verifyHomepageNoAccounts -->
  <testcase name="verifyHomepageOneAccount" time="0.0" classname="com.testscripts.Testcases">
    <skipped/>
  </testcase> <!-- verifyHomepageOneAccount -->
  <testcase name="withLoanBalanceDetails" time="0.0" classname="com.testscripts.Testcases">
    <skipped/>
  </testcase> <!-- withLoanBalanceDetails -->
  <testcase name="zeroLoanBalanceDetails" time="0.0" classname="com.testscripts.Testcases">
    <skipped/>
  </testcase> <!-- zeroLoanBalanceDetails -->
</testsuite> <!-- Default test -->
